<?xml version="1.0" encoding="UTF-8"?>
<!-- Generated by org.testng.reporters.JUnitXMLReporter -->
<testsuite hostname="C02XFDDWJG5H" name="Test" tests="3" failures="0" timestamp="6 Oct 2020 18:54:48 GMT" time="17.616" errors="0">
  <testcase name="verifyMainPagetest" time="0.212" classname="tests.WikiMainPageTest"/>
  <testcase name="verifyHyperLinkstest" time="0.364" classname="tests.WikiHyperlinksTest"/>
  <testcase name="verifyPopuptest" time="1.051" classname="tests.WikiPopupTest"/>
</testsuite> <!-- Test -->
