<?xml version="1.0" encoding="UTF-8"?>
<!-- Generated by org.testng.reporters.JUnitXMLReporter -->
<testsuite hostname="C02XFDDWJG5H" name="Test" tests="3" failures="0" timestamp="4 Oct 2020 18:39:04 GMT" time="14.523" errors="0">
  <testcase name="verifyMainPagetest" time="0.407" classname="tests.WikiMainPageTest"/>
  <testcase name="verifyHyperLinkstest" time="0.542" classname="tests.WikiHyperlinksTest"/>
  <testcase name="verifyPopuptest" time="1.165" classname="tests.WikiPopupTest"/>
</testsuite> <!-- Test -->
