<?xml version="1.0" encoding="UTF-8"?>
<!-- Generated by org.testng.reporters.JUnitXMLReporter -->
<testsuite hostname="C02XFDDWJG5H" name="Test" tests="3" failures="0" timestamp="4 Oct 2020 18:38:28 GMT" time="11.333" errors="0">
  <testcase name="verifyMainPagetest" time="0.26" classname="tests.WikiMainPageTest"/>
  <testcase name="verifyPopuptest" time="1.041" classname="tests.WikiPopupTest"/>
  <testcase name="verifyHyperLinkstest" time="0.621" classname="tests.WikiHyperlinksTest"/>
</testsuite> <!-- Test -->
