<?xml version="1.0" encoding="UTF-8"?>
<testsuite xmlns:xsi="http://www.w3.org/2001/XMLSchema-instance" xsi:noNamespaceSchemaLocation="https://maven.apache.org/surefire/maven-surefire-plugin/xsd/surefire-test-report-3.0.xsd" version="3.0" name="TestSuite" time="11.603" tests="3" errors="0" skipped="0" failures="0">
  <properties>
[...]
</properties>
  <testcase name="verifyMainPagetest" classname="tests.WikiMainPageTest" time="0.26"/>
  <testcase name="verifyPopuptest" classname="tests.WikiPopupTest" time="0.463"/>
  <testcase name="verifyHyperLinkstest" classname="tests.WikiHyperlinksTest" time="0.621"/>
</testsuite>