<?xml version="1.0" encoding="UTF-8"?>
<testng-results skipped="0" failed="0" total="3" passed="3">
  <reporter-output>
    <line>
      <![CDATA[Test Started Browser Opened]]>
    </line>
    <line>
      <![CDATA[Test Started Browser Opened]]>
    </line>
    <line>
      <![CDATA[Test Finished Browser Closed]]>
    </line>
    <line>
      <![CDATA[Test Started Browser Opened]]>
    </line>
    <line>
      <![CDATA[Test Finished Browser Closed]]>
    </line>
    <line>
      <![CDATA[Test Finished Browser Closed]]>
    </line>
  </reporter-output>
  <suite name="Suite" duration-ms="7334" started-at="2020-10-06T18:55:00Z" finished-at="2020-10-06T18:55:07Z">
    <groups>
    </groups>
    <test name="Test" duration-ms="7334" started-at="2020-10-06T18:55:00Z" finished-at="2020-10-06T18:55:07Z">
      <class name="tests.WikiHyperlinksTest">
        <test-method status="PASS" signature="setup()[pri:0, instance:tests.WikiHyperlinksTest@6574b225]" name="setup" is-config="true" duration-ms="6513" started-at="2020-10-06T11:55:00Z" finished-at="2020-10-06T11:55:07Z">
          <reporter-output>
            <line>
              <![CDATA[Test Started Browser Opened]]>
            </line>
          </reporter-output>
        </test-method> <!-- setup -->
        <test-method status="PASS" signature="verifyHyperLinkstest()[pri:0, instance:tests.WikiHyperlinksTest@6574b225]" name="verifyHyperLinkstest" duration-ms="600" started-at="2020-10-06T11:55:07Z" description="the headings listed in the Contents box have functioning hyperlinks" finished-at="2020-10-06T11:55:07Z">
          <reporter-output>
          </reporter-output>
        </test-method> <!-- verifyHyperLinkstest -->
        <test-method status="PASS" signature="closeApplication()[pri:0, instance:tests.WikiHyperlinksTest@6574b225]" name="closeApplication" is-config="true" duration-ms="89" started-at="2020-10-06T11:55:07Z" finished-at="2020-10-06T11:55:07Z">
          <reporter-output>
            <line>
              <![CDATA[Test Finished Browser Closed]]>
            </line>
          </reporter-output>
        </test-method> <!-- closeApplication -->
      </class> <!-- tests.WikiHyperlinksTest -->
      <class name="tests.WikiPopupTest">
        <test-method status="PASS" signature="setup()[pri:0, instance:tests.WikiPopupTest@153f5a29]" name="setup" is-config="true" duration-ms="5772" started-at="2020-10-06T11:55:00Z" finished-at="2020-10-06T11:55:06Z">
          <reporter-output>
            <line>
              <![CDATA[Test Started Browser Opened]]>
            </line>
          </reporter-output>
        </test-method> <!-- setup -->
        <test-method status="PASS" signature="verifyPopuptest()[pri:0, instance:tests.WikiPopupTest@153f5a29]" name="verifyPopuptest" duration-ms="1464" started-at="2020-10-06T11:55:06Z" description="in the _Personified concepts_, `Nike` has a popup that contains the following text:" finished-at="2020-10-06T11:55:07Z">
          <reporter-output>
          </reporter-output>
        </test-method> <!-- verifyPopuptest -->
        <test-method status="PASS" signature="closeApplication()[pri:0, instance:tests.WikiPopupTest@153f5a29]" name="closeApplication" is-config="true" duration-ms="90" started-at="2020-10-06T11:55:07Z" finished-at="2020-10-06T11:55:07Z">
          <reporter-output>
            <line>
              <![CDATA[Test Finished Browser Closed]]>
            </line>
          </reporter-output>
        </test-method> <!-- closeApplication -->
      </class> <!-- tests.WikiPopupTest -->
      <class name="tests.WikiMainPageTest">
        <test-method status="PASS" signature="setup()[pri:0, instance:tests.WikiMainPageTest@32e6e9c3]" name="setup" is-config="true" duration-ms="5423" started-at="2020-10-06T11:55:00Z" finished-at="2020-10-06T11:55:06Z">
          <reporter-output>
            <line>
              <![CDATA[Test Started Browser Opened]]>
            </line>
          </reporter-output>
        </test-method> <!-- setup -->
        <test-method status="PASS" signature="verifyMainPagetest()[pri:0, instance:tests.WikiMainPageTest@32e6e9c3]" name="verifyMainPagetest" duration-ms="341" started-at="2020-10-06T11:55:06Z" description="the headings listed in the Contents box are used as headings on the page" finished-at="2020-10-06T11:55:06Z">
          <reporter-output>
          </reporter-output>
        </test-method> <!-- verifyMainPagetest -->
        <test-method status="PASS" signature="closeApplication()[pri:0, instance:tests.WikiMainPageTest@32e6e9c3]" name="closeApplication" is-config="true" duration-ms="97" started-at="2020-10-06T11:55:06Z" finished-at="2020-10-06T11:55:06Z">
          <reporter-output>
            <line>
              <![CDATA[Test Finished Browser Closed]]>
            </line>
          </reporter-output>
        </test-method> <!-- closeApplication -->
      </class> <!-- tests.WikiMainPageTest -->
    </test> <!-- Test -->
  </suite> <!-- Suite -->
</testng-results>
