<?xml version="1.0" encoding="UTF-8"?>
<testng-results skipped="0" failed="0" total="1" passed="1">
  <reporter-output>
    <line>
      <![CDATA[Test Started Browser Opened]]>
    </line>
    <line>
      <![CDATA[Test Finished Browser Closed]]>
    </line>
  </reporter-output>
  <suite name="Default suite" duration-ms="9216" started-at="2020-10-04T15:53:26Z" finished-at="2020-10-04T15:53:35Z">
    <groups>
    </groups>
    <test name="Default test" duration-ms="9216" started-at="2020-10-04T15:53:26Z" finished-at="2020-10-04T15:53:35Z">
      <class name="tests.WikiHyperlinksTest">
        <test-method status="PASS" signature="setup()[pri:0, instance:tests.WikiHyperlinksTest@56cbfb61]" name="setup" is-config="true" duration-ms="6903" started-at="2020-10-04T08:53:26Z" finished-at="2020-10-04T08:53:33Z">
          <reporter-output>
            <line>
              <![CDATA[Test Started Browser Opened]]>
            </line>
          </reporter-output>
        </test-method> <!-- setup -->
        <test-method status="PASS" signature="verifyHyperLinkstest()[pri:0, instance:tests.WikiHyperlinksTest@56cbfb61]" name="verifyHyperLinkstest" duration-ms="2208" started-at="2020-10-04T08:53:33Z" description="the headings listed in the Contents box have functioning hyperlinks" finished-at="2020-10-04T08:53:35Z">
          <reporter-output>
          </reporter-output>
        </test-method> <!-- verifyHyperLinkstest -->
        <test-method status="PASS" signature="closeApplication()[pri:0, instance:tests.WikiHyperlinksTest@56cbfb61]" name="closeApplication" is-config="true" duration-ms="92" started-at="2020-10-04T08:53:35Z" finished-at="2020-10-04T08:53:35Z">
          <reporter-output>
            <line>
              <![CDATA[Test Finished Browser Closed]]>
            </line>
          </reporter-output>
        </test-method> <!-- closeApplication -->
      </class> <!-- tests.WikiHyperlinksTest -->
    </test> <!-- Default test -->
  </suite> <!-- Default suite -->
</testng-results>
