<?xml version="1.0" encoding="UTF-8"?>
<testng-results skipped="0" failed="0" total="3" passed="3">
  <reporter-output>
    <line>
      <![CDATA[Test Started Browser Opened]]>
    </line>
    <line>
      <![CDATA[Test Started Browser Opened]]>
    </line>
    <line>
      <![CDATA[Test Finished Browser Closed]]>
    </line>
    <line>
      <![CDATA[Test Started Browser Opened]]>
    </line>
    <line>
      <![CDATA[Test Finished Browser Closed]]>
    </line>
    <line>
      <![CDATA[Test Finished Browser Closed]]>
    </line>
  </reporter-output>
  <suite name="Suite" duration-ms="14206" started-at="2020-10-04T18:42:49Z" finished-at="2020-10-04T18:43:04Z">
    <groups>
    </groups>
    <test name="Test" duration-ms="14206" started-at="2020-10-04T18:42:49Z" finished-at="2020-10-04T18:43:04Z">
      <class name="tests.WikiHyperlinksTest">
        <test-method status="PASS" signature="setup()[pri:0, instance:tests.WikiHyperlinksTest@e580929]" name="setup" is-config="true" duration-ms="12873" started-at="2020-10-04T11:42:49Z" finished-at="2020-10-04T11:43:02Z">
          <reporter-output>
            <line>
              <![CDATA[Test Started Browser Opened]]>
            </line>
          </reporter-output>
        </test-method> <!-- setup -->
        <test-method status="PASS" signature="verifyHyperLinkstest()[pri:0, instance:tests.WikiHyperlinksTest@e580929]" name="verifyHyperLinkstest" duration-ms="558" started-at="2020-10-04T11:43:02Z" description="the headings listed in the Contents box have functioning hyperlinks" finished-at="2020-10-04T11:43:03Z">
          <reporter-output>
          </reporter-output>
        </test-method> <!-- verifyHyperLinkstest -->
        <test-method status="PASS" signature="closeApplication()[pri:0, instance:tests.WikiHyperlinksTest@e580929]" name="closeApplication" is-config="true" duration-ms="85" started-at="2020-10-04T11:43:03Z" finished-at="2020-10-04T11:43:03Z">
          <reporter-output>
            <line>
              <![CDATA[Test Finished Browser Closed]]>
            </line>
          </reporter-output>
        </test-method> <!-- closeApplication -->
      </class> <!-- tests.WikiHyperlinksTest -->
      <class name="tests.WikiPopupTest">
        <test-method status="PASS" signature="setup()[pri:0, instance:tests.WikiPopupTest@6e8dacdf]" name="setup" is-config="true" duration-ms="13094" started-at="2020-10-04T11:42:49Z" finished-at="2020-10-04T11:43:02Z">
          <reporter-output>
            <line>
              <![CDATA[Test Started Browser Opened]]>
            </line>
          </reporter-output>
        </test-method> <!-- setup -->
        <test-method status="PASS" signature="verifyPopuptest()[pri:0, instance:tests.WikiPopupTest@6e8dacdf]" name="verifyPopuptest" duration-ms="1013" started-at="2020-10-04T11:43:02Z" description="in the _Personified concepts_, `Nike` has a popup that contains the following text:" finished-at="2020-10-04T11:43:03Z">
          <reporter-output>
          </reporter-output>
        </test-method> <!-- verifyPopuptest -->
        <test-method status="PASS" signature="closeApplication()[pri:0, instance:tests.WikiPopupTest@6e8dacdf]" name="closeApplication" is-config="true" duration-ms="87" started-at="2020-10-04T11:43:03Z" finished-at="2020-10-04T11:43:04Z">
          <reporter-output>
            <line>
              <![CDATA[Test Finished Browser Closed]]>
            </line>
          </reporter-output>
        </test-method> <!-- closeApplication -->
      </class> <!-- tests.WikiPopupTest -->
      <class name="tests.WikiMainPageTest">
        <test-method status="PASS" signature="setup()[pri:0, instance:tests.WikiMainPageTest@1e643faf]" name="setup" is-config="true" duration-ms="12574" started-at="2020-10-04T11:42:49Z" finished-at="2020-10-04T11:43:02Z">
          <reporter-output>
            <line>
              <![CDATA[Test Started Browser Opened]]>
            </line>
          </reporter-output>
        </test-method> <!-- setup -->
        <test-method status="PASS" signature="verifyMainPagetest()[pri:0, instance:tests.WikiMainPageTest@1e643faf]" name="verifyMainPagetest" duration-ms="252" started-at="2020-10-04T11:43:02Z" description="the headings listed in the Contents box are used as headings on the page" finished-at="2020-10-04T11:43:02Z">
          <reporter-output>
          </reporter-output>
        </test-method> <!-- verifyMainPagetest -->
        <test-method status="PASS" signature="closeApplication()[pri:0, instance:tests.WikiMainPageTest@1e643faf]" name="closeApplication" is-config="true" duration-ms="99" started-at="2020-10-04T11:43:02Z" finished-at="2020-10-04T11:43:02Z">
          <reporter-output>
            <line>
              <![CDATA[Test Finished Browser Closed]]>
            </line>
          </reporter-output>
        </test-method> <!-- closeApplication -->
      </class> <!-- tests.WikiMainPageTest -->
    </test> <!-- Test -->
  </suite> <!-- Suite -->
</testng-results>
